root@eltex-practice2-pg2-v11:~# find /var/log -name "auth.log" 2>/dev/null
/var/log/auth.log
wk '{src=$5; $1=$2=$3=$4=$5=""; print src, $0}' $(find /var/log -name "auth.log") | sed 's/\[[0-9]*\]//g' | sort -u

562      logged out. Waiting for processes to exit.
572      logged out. Waiting for processes to exit.
573      logged out. Waiting for processes to exit.
576      logged out. Waiting for processes to exit.
578      logged out. Waiting for processes to exit.
579      logged out. Waiting for processes to exit.
580      logged out. Waiting for processes to exit.
581      logged out. Waiting for processes to exit.
582      logged out. Waiting for processes to exit.
583      logged out. Waiting for processes to exit.
584      logged out. Waiting for processes to exit.
586      logged out. Waiting for processes to exit.
588      logged out. Waiting for processes to exit.
589      logged out. Waiting for processes to exit.
590      logged out. Waiting for processes to exit.
594      logged out. Waiting for processes to exit.
595      logged out. Waiting for processes to exit.
612      logged out. Waiting for processes to exit.
613      logged out. Waiting for processes to exit.
614      logged out. Waiting for processes to exit.
617      logged out. Waiting for processes to exit.
619      logged out. Waiting for processes to exit.
620      logged out. Waiting for processes to exit.
622      logged out. Waiting for processes to exit.
623      logged out. Waiting for processes to exit.
965      logged out. Waiting for processes to exit.
969      logged out. Waiting for processes to exit.
988      logged out. Waiting for processes to exit.
authentication      failure; logname=root uid=1001 euid=0 tty= ruser= rhost= user=user1
disconnect      from 172.16.8.4 port 33422:11: disconnected by user
disconnect      from 172.16.8.4 port 34456:11: disconnected by user
disconnect      from 172.16.8.4 port 34970:11: disconnected by user
disconnect      from 172.16.8.4 port 34986:11: disconnected by user
disconnect      from 172.16.8.4 port 35466:11: disconnected by user
disconnect      from 172.16.8.4 port 37048:11: disconnected by user
disconnect      from 172.16.8.4 port 38158:11: disconnected by user
disconnect      from 172.16.8.4 port 38824:11: disconnected by user
disconnect      from 172.16.8.4 port 38990:11: disconnected by user
disconnect      from 172.16.8.4 port 39418:11: disconnected by user
disconnect      from 172.16.8.4 port 39428:11: disconnected by user
disconnect      from 172.16.8.4 port 41622:11: disconnected by user
disconnect      from 172.16.8.4 port 45818:11: disconnected by user
disconnect      from 172.16.8.4 port 46136:11: disconnected by user
disconnect      from 172.16.8.4 port 47500:11: disconnected by user
disconnect      from 172.16.8.4 port 48096:11: disconnected by user
disconnect      from 172.16.8.4 port 48866:11: disconnected by user
disconnect      from 172.16.8.4 port 48886:11: disconnected by user
disconnect      from 172.16.8.4 port 49954:11: disconnected by user
disconnect      from 172.16.8.4 port 51556:11: disconnected by user
disconnect      from 172.16.8.4 port 52978:11: disconnected by user
disconnect      from 172.16.8.4 port 53114:11: disconnected by user
disconnect      from 172.16.8.4 port 54160:11: disconnected by user
disconnect      from 172.16.8.4 port 54172:11: disconnected by user
disconnect      from 172.16.8.4 port 54304:11: disconnected by user
disconnect      from 172.16.8.4 port 55490:11: disconnected by user
disconnect      from 172.16.8.4 port 58494:11: disconnected by user
disconnect      from 172.16.8.4 port 59414:11: disconnected by user
from      user root 172.16.8.4 port 33422
from      user root 172.16.8.4 port 34456
from      user root 172.16.8.4 port 34970
from      user root 172.16.8.4 port 34986
from      user root 172.16.8.4 port 35466
from      user root 172.16.8.4 port 37048
from      user root 172.16.8.4 port 38158
from      user root 172.16.8.4 port 38824
from      user root 172.16.8.4 port 38990
from      user root 172.16.8.4 port 39418
from      user root 172.16.8.4 port 39428
from      user root 172.16.8.4 port 41622
from      user root 172.16.8.4 port 45818
from      user root 172.16.8.4 port 46136
from      user root 172.16.8.4 port 47500
from      user root 172.16.8.4 port 48096
from      user root 172.16.8.4 port 48866
from      user root 172.16.8.4 port 48886
from      user root 172.16.8.4 port 49954
from      user root 172.16.8.4 port 51556
from      user root 172.16.8.4 port 52978
from      user root 172.16.8.4 port 53114
from      user root 172.16.8.4 port 54160
from      user root 172.16.8.4 port 54172
from      user root 172.16.8.4 port 54304
from      user root 172.16.8.4 port 55490
from      user root 172.16.8.4 port 58494
from      user root 172.16.8.4 port 59414
password      for user user1 will expire in 5 days
publickey      for root from 172.16.8.4 port 33422 ssh2: RSA SHA256:SEduhz7faXQpsxG2mpcGuV0SaIRVL351zivrz4tBZZ0
publickey      for root from 172.16.8.4 port 34456 ssh2: RSA SHA256:SEduhz7faXQpsxG2mpcGuV0SaIRVL351zivrz4tBZZ0
publickey      for root from 172.16.8.4 port 34970 ssh2: RSA SHA256:SEduhz7faXQpsxG2mpcGuV0SaIRVL351zivrz4tBZZ0
publickey      for root from 172.16.8.4 port 34986 ssh2: RSA SHA256:SEduhz7faXQpsxG2mpcGuV0SaIRVL351zivrz4tBZZ0
publickey      for root from 172.16.8.4 port 35466 ssh2: RSA SHA256:SEduhz7faXQpsxG2mpcGuV0SaIRVL351zivrz4tBZZ0
publickey      for root from 172.16.8.4 port 37048 ssh2: RSA SHA256:SEduhz7faXQpsxG2mpcGuV0SaIRVL351zivrz4tBZZ0
publickey      for root from 172.16.8.4 port 38158 ssh2: RSA SHA256:SEduhz7faXQpsxG2mpcGuV0SaIRVL351zivrz4tBZZ0
publickey      for root from 172.16.8.4 port 38824 ssh2: RSA SHA256:SEduhz7faXQpsxG2mpcGuV0SaIRVL351zivrz4tBZZ0
publickey      for root from 172.16.8.4 port 38990 ssh2: RSA SHA256:SEduhz7faXQpsxG2mpcGuV0SaIRVL351zivrz4tBZZ0
publickey      for root from 172.16.8.4 port 39418 ssh2: RSA SHA256:SEduhz7faXQpsxG2mpcGuV0SaIRVL351zivrz4tBZZ0
publickey      for root from 172.16.8.4 port 39428 ssh2: RSA SHA256:SEduhz7faXQpsxG2mpcGuV0SaIRVL351zivrz4tBZZ0
publickey      for root from 172.16.8.4 port 41622 ssh2: RSA SHA256:SEduhz7faXQpsxG2mpcGuV0SaIRVL351zivrz4tBZZ0
publickey      for root from 172.16.8.4 port 45668 ssh2: RSA SHA256:SEduhz7faXQpsxG2mpcGuV0SaIRVL351zivrz4tBZZ0
publickey      for root from 172.16.8.4 port 45818 ssh2: RSA SHA256:SEduhz7faXQpsxG2mpcGuV0SaIRVL351zivrz4tBZZ0
publickey      for root from 172.16.8.4 port 46136 ssh2: RSA SHA256:SEduhz7faXQpsxG2mpcGuV0SaIRVL351zivrz4tBZZ0
publickey      for root from 172.16.8.4 port 47500 ssh2: RSA SHA256:SEduhz7faXQpsxG2mpcGuV0SaIRVL351zivrz4tBZZ0
publickey      for root from 172.16.8.4 port 48096 ssh2: RSA SHA256:SEduhz7faXQpsxG2mpcGuV0SaIRVL351zivrz4tBZZ0
publickey      for root from 172.16.8.4 port 48866 ssh2: RSA SHA256:SEduhz7faXQpsxG2mpcGuV0SaIRVL351zivrz4tBZZ0
publickey      for root from 172.16.8.4 port 48886 ssh2: RSA SHA256:SEduhz7faXQpsxG2mpcGuV0SaIRVL351zivrz4tBZZ0
publickey      for root from 172.16.8.4 port 49954 ssh2: RSA SHA256:SEduhz7faXQpsxG2mpcGuV0SaIRVL351zivrz4tBZZ0
publickey      for root from 172.16.8.4 port 51556 ssh2: RSA SHA256:SEduhz7faXQpsxG2mpcGuV0SaIRVL351zivrz4tBZZ0
publickey      for root from 172.16.8.4 port 52978 ssh2: RSA SHA256:SEduhz7faXQpsxG2mpcGuV0SaIRVL351zivrz4tBZZ0
publickey      for root from 172.16.8.4 port 53114 ssh2: RSA SHA256:SEduhz7faXQpsxG2mpcGuV0SaIRVL351zivrz4tBZZ0
publickey      for root from 172.16.8.4 port 54160 ssh2: RSA SHA256:SEduhz7faXQpsxG2mpcGuV0SaIRVL351zivrz4tBZZ0
publickey      for root from 172.16.8.4 port 54172 ssh2: RSA SHA256:SEduhz7faXQpsxG2mpcGuV0SaIRVL351zivrz4tBZZ0
publickey      for root from 172.16.8.4 port 54304 ssh2: RSA SHA256:SEduhz7faXQpsxG2mpcGuV0SaIRVL351zivrz4tBZZ0
publickey      for root from 172.16.8.4 port 55490 ssh2: RSA SHA256:SEduhz7faXQpsxG2mpcGuV0SaIRVL351zivrz4tBZZ0
publickey      for root from 172.16.8.4 port 58494 ssh2: RSA SHA256:SEduhz7faXQpsxG2mpcGuV0SaIRVL351zivrz4tBZZ0
publickey      for root from 172.16.8.4 port 59414 ssh2: RSA SHA256:SEduhz7faXQpsxG2mpcGuV0SaIRVL351zivrz4tBZZ0
publickey      for root from 172.16.8.4 port 60740 ssh2: RSA SHA256:SEduhz7faXQpsxG2mpcGuV0SaIRVL351zivrz4tBZZ0
:      PWD=/root ; USER=root ; COMMAND=/usr/bin/awk -v RS= -v 'OFS= ; ' '{ cmd=""; start=""; end=""; for(i=1; i<=NF; i++) { if ($i == "Commandline:") { for(j=i+1; j<=NF && $j !~ /:/; j++) cmd = (cmd=="" ? "" : cmd " ") $j } if ($i == "Start-Date:") start = $(i+1) " " $(i+2); if ($i == "End-Date:") end = $(i+1) " " $(i+2); } if (cmd != "") print "Commandline: " cmd, "Start-Date: " start, "End-Date: " end }' /var/log/apt/history.log
:      PWD=/root ; USER=root ; COMMAND=/usr/bin/awk -v RS= -v 'OFS= ; ' '{ cmd=""; start=""; end=""; for(i=1; i<=NF; i++) { if ($i == "Commandline:") { for(j=i+1; j<=NF && $j ~unalias ls 2>/dev/null /:/; j++) cmd = (cmd=="" ? "" : cmd " ") $j } if ($i == "Start-Date:") start = $(i+1) " " $(i+2); if ($i == "End-Date:") end = $(i+1) " " $(i+2); } if (cmd != "") print "Commandline: " cmd, "Start-Date: " start, "End-Date: " end }' /var/log/apt/history.log
session      562 of user root.
session      572.
session      572 of user root.
session      573.
session      573 of user root.
session      576.
session      576 of user root.
session      578.
session      578 of user root.
session      579.
session      579 of user root.
session      580.
session      580 of user root.
session      581.
session      581 of user root.
session      582.
session      582 of user root.
session      583.
session      583 of user root.
session      584.
session      584 of user root.
session      586.
session      586 of user root.
session      588.
session      588 of user root.
session      589.
session      589 of user root.
session      590.
session      590 of user root.
session      594.
session      594 of user root.
session      595.
session      595 of user root.
session      612.
session      612 of user root.
session      613.
session      613 of user root.
session      614.
session      614 of user root.
session      617.
session      617 of user root.
session      619.
session      619 of user root.
session      620.
session      620 of user root.
session      622.
session      622 of user root.
session      623.
session      623 of user root.
session      965.
session      965 of user root.
session      969.
session      969 of user root.
session      988.
session      988 of user root.
session      990 of user root.
session      996 of user root.
session      closed for user root
session      closed for user user1
session      opened for user root(uid=0) by root(uid=0)
session      opened for user user1(uid=1001) by root(uid=0)
:      TTY=pts/1 ; PWD=/root ; USER=root ; COMMAND=/usr/bin/awk -v RS= -v 'OFS= ; ' '#012{#012 cmd=""; start=""; end="";#012 for(i=1; i<=NF; i++) {#012 if ($i == "Commandline:") {#012 for(j=i+1; j<=NF && $j !~ /:/; j++) cmd = (cmd=="" ? "" : cmd " ") $j#012 }#012 if ($i == "Start-Date:") start = $(i+1) " " $(i+2);#012 if ($i == "End-Date:") end = $(i+1) " " $(i+2);#012 }#012 if (cmd != "") print "Commandline: " cmd, "Start-Date: " start, "End-Date: " end#012}' /var/log/apt/history.log
user1)      root on pts/0
user1)      root on pts/1

root@eltex-practice2-pg2-v11:~# awk '{print $5}' /var/log/auth.log | sed -E 's/\[[0-9]+\]//g; s/://g' | sort | uniq -c | sort -rn
    943 session
     38 rules
     24 from
     24 disconnect
     22 publickey
     16 loading,
     16 
     13 password
     12 'tech'
     10 user
     10 the
     10 system
      9 listening
      7 group
      6 user3)
      6 signal
      6 garbage
      6 added
      5 user1)
      4 seat
      4 login
      3 user2)
      3 is
      2 'user3'
      2 'user2'
      2 'user1'
      2 of
      2 closed
      1 unable
      1 shadow
      1 /run/nologin,
      1 root)
      1 Rejected
      1 for
      1 adding
      1 6
      1 412
      1 411
      1 410
      1 408
      1 406
      1 404
      1 403
      1 402
      1 400
      1 394
      1 373
      1 370
      1 367
      1 362
      1 357
      1 3
      1 26
      1 234
      1 232
      1 23
      1 21
      1 19
      1 15
root@eltex-practice2-pg2-v11:~# awk -F: 'NR==FNR {groups[$3]=$1; next} $7=="/usr/sbin/nologin" {print $3 ", " $1 ", " groups[$4]}' /etc/group /etc/passwd | sort -t, -k1,1nr
65534, nobody, nogroup
998, systemd-network, systemd-network
997, systemd-timesync, systemd-timesync
992, systemd-resolve, systemd-resolve
991, polkitd, polkitd
989, fwupd-refresh, fwupd-refresh
109, sshd, nogroup
108, usbmux, plugdev
107, landscape, landscape
105, tcpdump, tcpdump
104, uuidd, uuidd
103, syslog, syslog
101, messagebus, messagebus
42, _apt, nogroup
39, irc, irc
38, list, list
34, backup, backup
33, www-data, www-data
13, proxy, proxy
10, uucp, uucp
9, news, news
8, mail, mail
7, lp, lp
6, man, man
5, games, games
3, sys, sys
2, bin, bin
1, daemon, daemon
root@eltex-practice2-pg2-v11:~# dmesg | grep -i "kernel"
[    0.000000] KERNEL supported cpus:
[    0.177735] Booting paravirtualized kernel on KVM
[    0.180904] Kernel command line: BOOT_IMAGE=/vmlinuz-6.8.0-55-generic root=/dev/mapper/ubuntu--vg-ubuntu--lv ro
[    0.181032] Unknown kernel command line parameters "BOOT_IMAGE=/vmlinuz-6.8.0-55-generic", will be passed to user space.
[    0.430484] Memory: 3933500K/4193760K available (22528K kernel code, 4443K rwdata, 14344K rodata, 4988K init, 4716K bss, 260000K reserved, 0K cma-reserved)
[    0.612829] DMA: preallocated 512 KiB GFP_KERNEL pool for atomic allocations
[    0.612997] DMA: preallocated 512 KiB GFP_KERNEL|GFP_DMA pool for atomic allocations
[    0.613167] DMA: preallocated 512 KiB GFP_KERNEL|GFP_DMA32 pool for atomic allocations
[    1.270918] Loaded X.509 cert 'Build time autogenerated kernel key: e0bedf6fa049a1e09bd65ebab3904f14cdd5bc68'
[    1.281942] Loaded X.509 cert 'Canonical Ltd. Kernel Module Signing: 88f752e560a1e0737e31163a466ad7b70a850c19'
[    1.406218] Loaded X.509 cert 'Build time autogenerated kernel key: e0bedf6fa049a1e09bd65ebab3904f14cdd5bc68'
[    1.456749] Freeing unused kernel image (initmem) memory: 4988K
[    1.457990] Write protecting the kernel read-only data: 38912k
[    1.459698] Freeing unused kernel image (rodata/data gap) memory: 2040K
[    9.646842] systemd[1]: Listening on systemd-udevd-kernel.socket - udev Kernel Socket.
[    9.729153] systemd[1]: Mounting sys-kernel-debug.mount - Kernel Debug File System...
[    9.734469] systemd[1]: Mounting sys-kernel-tracing.mount - Kernel Trace File System...
[    9.818018] systemd[1]: Starting modprobe@configfs.service - Load Kernel Module configfs...
[    9.827930] systemd[1]: Starting modprobe@dm_mod.service - Load Kernel Module dm_mod...
[    9.857365] systemd[1]: Starting modprobe@drm.service - Load Kernel Module drm...
[    9.964472] systemd[1]: Starting modprobe@efi_pstore.service - Load Kernel Module efi_pstore...
[    9.980636] systemd[1]: Starting modprobe@fuse.service - Load Kernel Module fuse...
[    9.991559] systemd[1]: Starting modprobe@loop.service - Load Kernel Module loop...
[   10.009206] systemd[1]: Starting systemd-modules-load.service - Load Kernel Modules...
[   10.024145] systemd[1]: Starting systemd-remount-fs.service - Remount Root and Kernel File Systems...
root@eltex-practice2-pg2-v11:~# wc -l /var/log/kern.log
2878 /var/log/kern.log
root@eltex-practice2-pg2-v11:~# awk -v RS='' -v OFS=' ; ' '{ cmd=""; start=""; end=""; for(i=1; i<=NF; i++) { if ($i == "Commandline:") { for(j=i+1; j<=NF && $j ~unalias ls 2>/dev/null /:/; j++) cmd = (cmd=="" ? "" : cmd " ") $j } if ($i == "Start-Date:") start = $(i+1) " " $(i+2); if ($i == "End-Date:") end = $(i+1) " " $(i+2); } if (cmd != "") print "Commandline: " cmd, "Start-Date: " start, "End-Date: " end }' /var/log/apt/history.log
Commandline: apt-get install --reinstall apt ; Start-Date: 2025-02-16 20:51:22 ; End-Date: 2025-02-16 20:51:24
Commandline: apt-get install --reinstall base-files ; Start-Date: 2025-02-16 20:51:26 ; End-Date: 2025-02-16 20:51:28
Commandline: apt-get install --reinstall base-passwd ; Start-Date: 2025-02-16 20:51:31 ; End-Date: 2025-02-16 20:51:32
Commandline: apt-get install --reinstall bash ; Start-Date: 2025-02-16 20:51:35 ; End-Date: 2025-02-16 20:51:37
Commandline: apt-get install --reinstall bsdutils ; Start-Date: 2025-02-16 20:51:39 ; End-Date: 2025-02-16 20:51:41
Commandline: apt-get install --reinstall coreutils ; Start-Date: 2025-02-16 20:51:44 ; End-Date: 2025-02-16 20:51:45
Commandline: apt-get install --reinstall dash ; Start-Date: 2025-02-16 20:51:48 ; End-Date: 2025-02-16 20:51:49
Commandline: apt-get install --reinstall debconf ; Start-Date: 2025-02-16 20:51:52 ; End-Date: 2025-02-16 20:51:53
Commandline: apt-get install --reinstall debianutils ; Start-Date: 2025-02-16 20:51:56 ; End-Date: 2025-02-16 20:51:58
Commandline: apt-get install --reinstall diffutils ; Start-Date: 2025-02-16 20:52:00 ; End-Date: 2025-02-16 20:52:02
Commandline: apt-get install --reinstall dpkg ; Start-Date: 2025-02-16 20:52:04 ; End-Date: 2025-02-16 20:52:06
Commandline: apt-get install --reinstall e2fsprogs ; Start-Date: 2025-02-16 20:52:09 ; End-Date: 2025-02-16 20:52:10
Commandline: apt-get install --reinstall findutils ; Start-Date: 2025-02-16 20:52:13 ; End-Date: 2025-02-16 20:52:14
Commandline: apt-get install --reinstall ; Start-Date: 2025-02-16 20:52:17 ; End-Date: 2025-02-16 20:52:18
Commandline: apt-get install --reinstall gpgv ; Start-Date: 2025-02-16 20:52:21 ; End-Date: 2025-02-16 20:52:23
Commandline: apt-get install --reinstall grep ; Start-Date: 2025-02-16 20:52:25 ; End-Date: 2025-02-16 20:52:27
Commandline: apt-get install --reinstall gzip ; Start-Date: 2025-02-16 20:52:29 ; End-Date: 2025-02-16 20:52:31
Commandline: apt-get install --reinstall hostname ; Start-Date: 2025-02-16 20:52:34 ; End-Date: 2025-02-16 20:52:35
Commandline: apt-get install --reinstall init-system-helpers ; Start-Date: 2025-02-16 20:52:38 ; End-Date: 2025-02-16 20:52:39
Commandline: apt-get install --reinstall ; Start-Date: 2025-02-16 20:52:42 ; End-Date: 2025-02-16 20:52:43
Commandline: apt-get install --reinstall ; Start-Date: 2025-02-16 20:52:46 ; End-Date: 2025-02-16 20:52:47
Commandline: apt-get install --reinstall ; Start-Date: 2025-02-16 20:52:50 ; End-Date: 2025-02-16 20:52:51
Commandline: apt-get install --reinstall ; Start-Date: 2025-02-16 20:52:54 ; End-Date: 2025-02-16 20:52:56
Commandline: apt-get install --reinstall libaudit-common ; Start-Date: 2025-02-16 20:52:58 ; End-Date: 2025-02-16 20:53:00
Commandline: apt-get install --reinstall ; Start-Date: 2025-02-16 20:53:02 ; End-Date: 2025-02-16 20:53:04
Commandline: apt-get install --reinstall ; Start-Date: 2025-02-16 20:53:06 ; End-Date: 2025-02-16 20:53:08
Commandline: apt-get install --reinstall ; Start-Date: 2025-02-16 20:53:11 ; End-Date: 2025-02-16 20:53:12
Commandline: apt-get install --reinstall libc-bin ; Start-Date: 2025-02-16 20:53:15 ; End-Date: 2025-02-16 20:53:17
Commandline: apt-get install --reinstall ; Start-Date: 2025-02-16 20:53:19 ; End-Date: 2025-02-16 20:53:22
Commandline: apt-get install --reinstall ; Start-Date: 2025-02-16 20:53:25 ; End-Date: 2025-02-16 20:53:26
Commandline: apt-get install --reinstall ; Start-Date: 2025-02-16 20:53:29 ; End-Date: 2025-02-16 20:53:30
Commandline: apt-get install --reinstall ; Start-Date: 2025-02-16 20:53:33 ; End-Date: 2025-02-16 20:53:34
Commandline: apt-get install --reinstall ; Start-Date: 2025-02-16 20:53:37 ; End-Date: 2025-02-16 20:53:38
Commandline: apt-get install --reinstall ; Start-Date: 2025-02-16 20:53:41 ; End-Date: 2025-02-16 20:53:42
Commandline: apt-get install --reinstall ; Start-Date: 2025-02-16 20:53:45 ; End-Date: 2025-02-16 20:53:46
Commandline: apt-get install --reinstall ; Start-Date: 2025-02-16 20:53:49 ; End-Date: 2025-02-16 20:53:50
Commandline: apt-get install --reinstall ; Start-Date: 2025-02-16 20:53:53 ; End-Date: 2025-02-16 20:53:54
Commandline: apt-get install --reinstall ; Start-Date: 2025-02-16 20:53:57 ; End-Date: 2025-02-16 20:53:59
Commandline: apt-get install --reinstall ; Start-Date: 2025-02-16 20:54:01 ; End-Date: 2025-02-16 20:54:03
Commandline: apt-get install --reinstall ; Start-Date: 2025-02-16 20:54:05 ; End-Date: 2025-02-16 20:54:07
Commandline: apt-get install --reinstall ; Start-Date: 2025-02-16 20:54:10 ; End-Date: 2025-02-16 20:54:11
Commandline: apt-get install --reinstall ; Start-Date: 2025-02-16 20:54:14 ; End-Date: 2025-02-16 20:54:15
Commandline: apt-get install --reinstall ; Start-Date: 2025-02-16 20:54:18 ; End-Date: 2025-02-16 20:54:19
Commandline: apt-get install --reinstall ; Start-Date: 2025-02-16 20:54:22 ; End-Date: 2025-02-16 20:54:23
Commandline: apt-get install --reinstall ; Start-Date: 2025-02-16 20:54:26 ; End-Date: 2025-02-16 20:54:27
Commandline: apt-get install --reinstall ; Start-Date: 2025-02-16 20:54:30 ; End-Date: 2025-02-16 20:54:32
Commandline: apt-get install --reinstall ; Start-Date: 2025-02-16 20:54:34 ; End-Date: 2025-02-16 20:54:36
Commandline: apt-get install --reinstall ; Start-Date: 2025-02-16 20:54:38 ; End-Date: 2025-02-16 20:54:39
Commandline: apt-get install --reinstall ; Start-Date: 2025-02-16 20:54:42 ; End-Date: 2025-02-16 20:54:43
Commandline: apt-get install --reinstall ; Start-Date: 2025-02-16 20:54:46 ; End-Date: 2025-02-16 20:54:48
Commandline: apt-get install --reinstall ; Start-Date: 2025-02-16 20:54:50 ; End-Date: 2025-02-16 20:54:52
Commandline: apt-get install --reinstall ; Start-Date: 2025-02-16 20:54:54 ; End-Date: 2025-02-16 20:54:56
Commandline: apt-get install --reinstall libpam-modules-bin ; Start-Date: 2025-02-16 20:54:58 ; End-Date: 2025-02-16 20:55:00
Commandline: apt-get install --reinstall libpam-runtime ; Start-Date: 2025-02-16 20:55:03 ; End-Date: 2025-02-16 20:55:04
Commandline: apt-get install --reinstall ; Start-Date: 2025-02-16 20:55:07 ; End-Date: 2025-02-16 20:55:08
Commandline: apt-get install --reinstall ; Start-Date: 2025-02-16 20:55:11 ; End-Date: 2025-02-16 20:55:12
Commandline: apt-get install --reinstall ; Start-Date: 2025-02-16 20:55:15 ; End-Date: 2025-02-16 20:55:16
Commandline: apt-get install --reinstall ; Start-Date: 2025-02-16 20:55:19 ; End-Date: 2025-02-16 20:55:20
Commandline: apt-get install --reinstall ; Start-Date: 2025-02-16 20:55:23 ; End-Date: 2025-02-16 20:55:24
Commandline: apt-get install --reinstall libsemanage-common ; Start-Date: 2025-02-16 20:55:27 ; End-Date: 2025-02-16 20:55:28
Commandline: apt-get install --reinstall ; Start-Date: 2025-02-16 20:55:31 ; End-Date: 2025-02-16 20:55:32
Commandline: apt-get install --reinstall ; Start-Date: 2025-02-16 20:55:35 ; End-Date: 2025-02-16 20:55:36
Commandline: apt-get install --reinstall ; Start-Date: 2025-02-16 20:55:38 ; End-Date: 2025-02-16 20:55:40
Commandline: apt-get install --reinstall ; Start-Date: 2025-02-16 20:55:42 ; End-Date: 2025-02-16 20:55:44
Commandline: apt-get install --reinstall ; Start-Date: 2025-02-16 20:55:46 ; End-Date: 2025-02-16 20:55:48
Commandline: apt-get install --reinstall ; Start-Date: 2025-02-16 20:55:51 ; End-Date: 2025-02-16 20:55:52
Commandline: apt-get install --reinstall ; Start-Date: 2025-02-16 20:55:55 ; End-Date: 2025-02-16 20:55:56
Commandline: apt-get install --reinstall ; Start-Date: 2025-02-16 20:55:59 ; End-Date: 2025-02-16 20:56:00
Commandline: apt-get install --reinstall ; Start-Date: 2025-02-16 20:56:03 ; End-Date: 2025-02-16 20:56:04
Commandline: apt-get install --reinstall ; Start-Date: 2025-02-16 20:56:07 ; End-Date: 2025-02-16 20:56:08
Commandline: apt-get install --reinstall ; Start-Date: 2025-02-16 20:56:11 ; End-Date: 2025-02-16 20:56:13
Commandline: apt-get install --reinstall ; Start-Date: 2025-02-16 20:56:15 ; End-Date: 2025-02-16 20:56:17
Commandline: apt-get install --reinstall ; Start-Date: 2025-02-16 20:56:19 ; End-Date: 2025-02-16 20:56:21
Commandline: apt-get install --reinstall ; Start-Date: 2025-02-16 20:56:23 ; End-Date: 2025-02-16 20:56:25
Commandline: apt-get install --reinstall login ; Start-Date: 2025-02-16 20:56:28 ; End-Date: 2025-02-16 20:56:29
Commandline: apt-get install --reinstall logsave ; Start-Date: 2025-02-16 20:56:32 ; End-Date: 2025-02-16 20:56:33
Commandline: apt-get install --reinstall mawk ; Start-Date: 2025-02-16 20:56:36 ; End-Date: 2025-02-16 20:56:37
Commandline: apt-get install --reinstall mount ; Start-Date: 2025-02-16 20:56:39 ; End-Date: 2025-02-16 20:56:41
Commandline: apt-get install --reinstall ncurses-base ; Start-Date: 2025-02-16 20:56:43 ; End-Date: 2025-02-16 20:56:45
Commandline: apt-get install --reinstall ncurses-bin ; Start-Date: 2025-02-16 20:56:47 ; End-Date: 2025-02-16 20:56:49
Commandline: apt-get install --reinstall passwd ; Start-Date: 2025-02-16 20:56:52 ; End-Date: 2025-02-16 20:56:53
Commandline: apt-get install --reinstall perl-base ; Start-Date: 2025-02-16 20:56:55 ; End-Date: 2025-02-16 20:56:57
Commandline: apt-get install --reinstall procps ; Start-Date: 2025-02-16 20:57:00 ; End-Date: 2025-02-16 20:57:01
Commandline: apt-get install --reinstall sed ; Start-Date: 2025-02-16 20:57:04 ; End-Date: 2025-02-16 20:57:05
Commandline: apt-get install --reinstall sensible-utils ; Start-Date: 2025-02-16 20:57:08 ; End-Date: 2025-02-16 20:57:09
Commandline: apt-get install --reinstall sysvinit-utils ; Start-Date: 2025-02-16 20:57:12 ; End-Date: 2025-02-16 20:57:13
Commandline: apt-get install --reinstall tar ; Start-Date: 2025-02-16 20:57:16 ; End-Date: 2025-02-16 20:57:17
Commandline: apt-get install --reinstall ubuntu-keyring ; Start-Date: 2025-02-16 20:57:20 ; End-Date: 2025-02-16 20:57:21
Commandline: apt-get install --reinstall util-linux ; Start-Date: 2025-02-16 20:57:24 ; End-Date: 2025-02-16 20:57:26
Commandline: apt-get install --reinstall ; Start-Date: 2025-02-16 20:57:28 ; End-Date: 2025-02-16 20:57:30
Commandline: apt-get --yes ; Start-Date: 2025-02-16 20:57:34 ; End-Date: 2025-02-16 20:57:38
Commandline: apt-get --yes ; Start-Date: 2025-02-16 20:57:39 ; End-Date: 2025-02-16 20:57:39
Commandline: apt-get --yes ; Start-Date: 2025-02-16 20:57:42 ; End-Date: 2025-02-16 20:58:20
Commandline: apt-get install --reinstall -y gdisk zstd unattended-upgrades xfsprogs multipath-tools kpartx cloud-init squashfs-tools sg3-utils pollinate packagekit-tools polkitd xml-core needrestart mdadm lvm2 libterm-readkey-perl libsort-naturally-perl ; Start-Date: 2025-02-16 20:58:40 ; End-Date: 2025-02-16 20:59:23
Commandline: apt-get install --reinstall -y cryptsetup-initramfs dbus dbus-session-bus-common dbus-system-bus-common distro-info-data dracut-install ; Start-Date: 2025-02-16 20:59:26 ; End-Date: 2025-02-16 20:59:43
Commandline: apt-get install -y ubuntu-minimal ubuntu-standard ; Start-Date: 2025-02-16 20:59:50 ; End-Date: 2025-02-16 21:00:01
Commandline: apt-get -y --fix-policy install ; Start-Date: 2025-02-16 21:00:04 ; End-Date: 2025-02-16 21:00:04
Commandline: apt-get --yes ; Start-Date: 2025-02-16 21:00:10 ; End-Date: 2025-02-16 21:00:28
Commandline: apt-get --quiet --assume-yes ; Start-Date: 2025-03-12 18:07:37 ; End-Date: 2025-03-12 18:08:03
Commandline: apt-get --quiet --assume-yes ; Start-Date: 2025-03-12 18:08:37 ; End-Date: 2025-03-12 18:11:58
Commandline: apt-get --quiet --assume-yes ; Start-Date: 2025-03-12 18:12:45 ; End-Date: 2025-03-12 18:13:11
Commandline: /usr/bin/unattended-upgrades -v ; Start-Date: 2025-03-12 18:13:21 ; End-Date: 2025-03-12 18:14:11
Commandline: apt dist-upgrade ; Start-Date: 2025-03-12 18:19:08 ; End-Date: 2025-03-12 18:21:04
Commandline: apt install vim qemu-guest-agent ; Start-Date: 2025-03-12 18:21:23 ; End-Date: 2025-03-12 18:21:31
Commandline: /usr/bin/unattended-upgrade ; Start-Date: 2026-03-13 06:33:35 ; End-Date: 2026-03-13 06:36:29
Commandline: /usr/bin/unattended-upgrade ; Start-Date: 2026-03-13 06:36:38 ; End-Date: 2026-03-13 06:37:04
Commandline: /usr/bin/unattended-upgrade ; Start-Date: 2026-03-13 06:37:08 ; End-Date: 2026-03-13 06:39:00
Commandline: /usr/bin/unattended-upgrade ; Start-Date: 2026-03-13 06:39:03 ; End-Date: 2026-03-13 06:41:54
Commandline: /usr/bin/unattended-upgrade ; Start-Date: 2026-03-13 06:42:03 ; End-Date: 2026-03-13 06:46:24
Commandline: /usr/bin/unattended-upgrade ; Start-Date: 2026-03-13 06:46:27 ; End-Date: 2026-03-13 06:50:28
Commandline: /usr/bin/unattended-upgrade ; Start-Date: 2026-03-13 06:50:33 ; End-Date: 2026-03-13 06:59:22
Commandline: /usr/bin/unattended-upgrade ; Start-Date: 2026-03-13 06:59:29 ; End-Date: 2026-03-13 07:16:32
Commandline: /usr/bin/unattended-upgrade ; Start-Date: 2026-03-13 07:16:36 ; End-Date: 2026-03-13 07:19:26
Commandline: /usr/bin/unattended-upgrade ; Start-Date: 2026-03-13 07:19:37 ; End-Date: 2026-03-13 07:25:49
Commandline: /usr/bin/unattended-upgrade ; Start-Date: 2026-03-13 07:25:52 ; End-Date: 2026-03-13 07:28:21
Commandline: /usr/bin/unattended-upgrade ; Start-Date: 2026-03-13 07:28:36 ; End-Date: 2026-03-13 07:37:29
Commandline: /usr/bin/unattended-upgrade ; Start-Date: 2026-03-13 07:37:45 ; End-Date: 2026-03-13 07:41:39
Commandline: /usr/bin/unattended-upgrade ; Start-Date: 2026-03-13 07:41:51 ; End-Date: 2026-03-13 07:48:11
Commandline: /usr/bin/unattended-upgrade ; Start-Date: 2026-03-13 07:48:16 ; End-Date: 2026-03-13 07:52:27
Commandline: /usr/bin/unattended-upgrade ; Start-Date: 2026-03-13 07:52:33 ; End-Date: 2026-03-13 07:54:41
Commandline: /usr/bin/unattended-upgrade ; Start-Date: 2026-03-13 07:54:46 ; End-Date: 2026-03-13 07:55:50
Commandline: /usr/bin/unattended-upgrade ; Start-Date: 2026-03-13 07:55:55 ; End-Date: 2026-03-13 07:58:04
Commandline: /usr/bin/unattended-upgrade ; Start-Date: 2026-03-13 07:58:10 ; End-Date: 2026-03-13 07:59:11
Commandline: /usr/bin/unattended-upgrade ; Start-Date: 2026-03-13 07:59:23 ; End-Date: 2026-03-13 08:00:29
Commandline: /usr/bin/unattended-upgrade ; Start-Date: 2026-03-13 08:00:44 ; End-Date: 2026-03-13 08:03:24
Commandline: /usr/bin/unattended-upgrade ; Start-Date: 2026-03-13 08:03:32 ; End-Date: 2026-03-13 08:05:35
Commandline: /usr/bin/unattended-upgrade ; Start-Date: 2026-03-13 08:05:43 ; End-Date: 2026-03-13 08:08:47
Commandline: /usr/bin/unattended-upgrade ; Start-Date: 2026-03-13 08:08:53 ; End-Date: 2026-03-13 08:10:15
Commandline: /usr/bin/unattended-upgrade ; Start-Date: 2026-03-13 08:10:22 ; End-Date: 2026-03-13 08:14:21
Commandline: /usr/bin/unattended-upgrade ; Start-Date: 2026-03-13 08:14:31 ; End-Date: 2026-03-13 08:15:15
Commandline: /usr/bin/unattended-upgrade ; Start-Date: 2026-03-13 08:15:20 ; End-Date: 2026-03-13 08:17:27
Commandline: /usr/bin/unattended-upgrade ; Start-Date: 2026-03-13 08:17:32 ; End-Date: 2026-03-13 08:18:23
Commandline: /usr/bin/unattended-upgrade ; Start-Date: 2026-03-13 08:18:35 ; End-Date: 2026-03-13 08:21:33
Commandline: /usr/bin/unattended-upgrade ; Start-Date: 2026-03-13 08:21:44 ; End-Date: 2026-03-13 08:22:47
Commandline: /usr/bin/unattended-upgrade ; Start-Date: 2026-03-13 08:23:02 ; End-Date: 2026-03-13 08:26:39
Commandline: /usr/bin/unattended-upgrade ; Start-Date: 2026-03-13 08:26:46 ; End-Date: 2026-03-13 08:28:36
Commandline: /usr/bin/unattended-upgrade ; Start-Date: 2026-03-13 08:28:41 ; End-Date: 2026-03-13 08:29:29
Commandline: /usr/bin/unattended-upgrade ; Start-Date: 2026-03-13 08:29:33 ; End-Date: 2026-03-13 08:32:31
Commandline: /usr/bin/unattended-upgrade ; Start-Date: 2026-03-13 08:32:46 ; End-Date: 2026-03-13 08:38:24
Commandline: /usr/bin/unattended-upgrade ; Start-Date: 2026-03-13 08:38:42 ; End-Date: 2026-03-13 08:42:08
Commandline: /usr/bin/unattended-upgrade ; Start-Date: 2026-03-13 08:42:12 ; End-Date: 2026-03-13 08:42:50
Commandline: /usr/bin/unattended-upgrade ; Start-Date: 2026-03-13 08:42:58 ; End-Date: 2026-03-13 08:43:46
Commandline: /usr/bin/unattended-upgrade ; Start-Date: 2026-03-13 08:43:51 ; End-Date: 2026-03-13 08:44:57
Commandline: /usr/bin/unattended-upgrade ; Start-Date: 2026-03-13 08:45:01 ; End-Date: 2026-03-13 08:45:57
Commandline: /usr/bin/unattended-upgrade ; Start-Date: 2026-03-13 08:46:06 ; End-Date: 2026-03-13 08:46:56
Commandline: /usr/bin/unattended-upgrade ; Start-Date: 2026-03-13 08:47:03 ; End-Date: 2026-03-13 08:48:32
Commandline: /usr/bin/unattended-upgrade ; Start-Date: 2026-03-13 08:48:37 ; End-Date: 2026-03-13 08:50:16
Commandline: /usr/bin/unattended-upgrade ; Start-Date: 2026-03-13 08:50:19 ; End-Date: 2026-03-13 08:54:33
Commandline: /usr/bin/unattended-upgrade ; Start-Date: 2026-03-13 08:54:37 ; End-Date: 2026-03-13 08:58:14
Commandline: /usr/bin/unattended-upgrade ; Start-Date: 2026-03-13 08:58:21 ; End-Date: 2026-03-13 09:00:43
Commandline: /usr/bin/unattended-upgrade ; Start-Date: 2026-03-13 09:00:48 ; End-Date: 2026-03-13 09:01:55
Commandline: /usr/bin/unattended-upgrade ; Start-Date: 2026-03-13 09:01:59 ; End-Date: 2026-03-13 09:03:53
Commandline: /usr/bin/unattended-upgrade ; Start-Date: 2026-03-13 09:03:59 ; End-Date: 2026-03-13 09:04:31
Commandline: /usr/bin/unattended-upgrade ; Start-Date: 2026-03-13 09:04:35 ; End-Date: 2026-03-13 09:06:39
Commandline: /usr/bin/unattended-upgrade ; Start-Date: 2026-03-13 09:06:44 ; End-Date: 2026-03-13 09:07:56
Commandline: /usr/bin/unattended-upgrade ; Start-Date: 2026-03-13 09:08:01 ; End-Date: 2026-03-13 09:09:13
Commandline: /usr/bin/unattended-upgrade ; Start-Date: 2026-03-13 09:09:18 ; End-Date: 2026-03-13 09:10:15
Commandline: /usr/bin/unattended-upgrade ; Start-Date: 2026-03-13 09:10:20 ; End-Date: 2026-03-13 09:10:48
Commandline: /usr/bin/unattended-upgrade ; Start-Date: 2026-03-13 09:10:56 ; End-Date: 2026-03-13 09:14:07
Commandline: /usr/bin/unattended-upgrade ; Start-Date: 2026-03-13 09:14:17 ; End-Date: 2026-03-13 09:15:09
Commandline: /usr/bin/unattended-upgrade ; Start-Date: 2026-03-13 09:15:14 ; End-Date: 2026-03-13 09:16:40
Commandline: apt install bzip2 p7zip-full -y ; Start-Date: 2026-03-13 16:48:23 ; End-Date: 2026-03-13 16:48:29
Commandline: /usr/bin/unattended-upgrade ; Start-Date: 2026-03-14 06:19:00 ; End-Date: 2026-03-14 06:20:04
Commandline: /usr/bin/unattended-upgrade ; Start-Date: 2026-03-14 06:20:07 ; End-Date: 2026-03-14 06:20:23
Commandline: /usr/bin/unattended-upgrade ; Start-Date: 2026-03-14 06:20:25 ; End-Date: 2026-03-14 06:23:51
Commandline: /usr/bin/unattended-upgrade ; Start-Date: 2026-03-14 06:23:55 ; End-Date: 2026-03-14 06:25:05
Commandline: /usr/bin/unattended-upgrade ; Start-Date: 2026-03-14 06:25:12 ; End-Date: 2026-03-14 06:25:23
Commandline: /usr/bin/unattended-upgrade ; Start-Date: 2026-03-14 06:25:26 ; End-Date: 2026-03-14 06:25:39
Commandline: /usr/bin/unattended-upgrade ; Start-Date: 2026-03-14 06:25:41 ; End-Date: 2026-03-14 06:25:54
Commandline: /usr/bin/unattended-upgrade ; Start-Date: 2026-03-14 06:25:56 ; End-Date: 2026-03-14 06:26:02
Commandline: /usr/bin/unattended-upgrade ; Start-Date: 2026-03-14 06:26:04 ; End-Date: 2026-03-14 06:26:11
Commandline: /usr/bin/unattended-upgrade ; Start-Date: 2026-03-14 06:26:14 ; End-Date: 2026-03-14 06:26:24
Commandline: apt install -y git gh ; Start-Date: 2026-03-15 07:49:19 ; End-Date: 2026-03-15 07:49:25


